<?xml version="1.0" encoding="UTF-8"?>
<!-- Generated by org.testng.reporters.JUnitReportReporter -->
<testsuite hostname="HYRDLT1937" name="example.NewTest" tests="1" failures="0" timestamp="6 Oct 2016 06:48:33 GMT" time="0.000" errors="0">
  <testcase name="f" time="0.000" classname="example.NewTest"/>
</testsuite> <!-- example.NewTest -->
