<?xml version="1.0" encoding="UTF-8"?>
<!-- Generated by org.testng.reporters.JUnitReportReporter -->
<testsuite hostname="HYRDLT1937" name="example.NewTest1" tests="1" failures="0" timestamp="12 Oct 2016 08:06:09 GMT" time="0.000" errors="0">
  <testcase name="f" time="0.000" classname="example.NewTest1"/>
</testsuite> <!-- example.NewTest1 -->
